============================================================
Timestamp: 2026-06-17T02:16:59.075Z
To: katexdie@gmail.com
Subject: Table Reservation Request Received - Oretachi no Curry-ya

Content:
Dear Khate,

Thank you for requesting a table at Oretachi no Curry-ya!

We have received your reservation request for 2 guests on 2026-07-02 at 11:30 AM.

Status: PENDING (We will review and confirm your booking soon via email)

Pre-ordered items:
- 1x Osaka Signature Curry (PHP 450 each)

Special Request: None

Location: Mahi Center, Main Rd, MEPZ 1, Lapu-Lapu City, Philippines, 6016
Facebook: https://www.facebook.com/OretachinoCurryPhilippines
Map Directions: https://maps.app.goo.gl/UT63cAgZXS3Qy4ZRA

If you have any questions or need to cancel, feel free to reply to this email.

Warm regards,
Oretachi no Curry-ya Team

============================================================

============================================================
Timestamp: 2026-06-17T02:19:51.997Z
To: katexdie@gmail.com
Subject: Reservation Status Update: CONFIRMED - Oretachi no Curry-ya

Content:
Dear Khate,

We have updated the status of your table reservation at Oretachi no Curry-ya.

Status: CONFIRMED
Date: 2026-07-02
Time: 11:30 AM
Number of Guests: 2

Pre-ordered items:
- 1x Osaka Signature Curry (PHP 450 each)

Special Request: None

Location: Mahi Center, Main Rd, MEPZ 1, Lapu-Lapu City, Philippines, 6016
Facebook: https://www.facebook.com/OretachinoCurryPhilippines

If you have any questions or need to change your reservation details, feel free to reply to this email.

Warm regards,
Oretachi no Curry-ya Team

============================================================

============================================================
Timestamp: 2026-06-17T03:48:05.745Z
To: katexdie@gmail.com
Subject: Welcome to the Oretachi no Curry-ya Curry Club!

Content:
Hello,

Thank you for subscribing to Oretachi no Curry-ya updates!

You'll be the first to know about our grand opening at Mahi Center in Lapu-Lapu City, Cebu. We are bringing the finest authentic Japanese curry from Osaka very soon!

Location: Mahi Center, Main Rd, MEPZ 1, Lapu-Lapu City, Philippines, 6016
Facebook Page: https://www.facebook.com/OretachinoCurryPhilippines

Warm regards,
Oretachi no Curry-ya Team

============================================================

============================================================
Timestamp: 2026-06-17T03:49:22.005Z
To: katexdie@gmail.com
Subject: Grand Opening Announcement

Content:
test

============================================================

============================================================
Timestamp: 2026-06-17T03:49:22.157Z
To: jungilcasqejo5@gmail.com
Subject: Grand Opening Announcement

Content:
test

============================================================

